2019-06-02 23:00:59.951 [ INFO] [main] io.eb.io.eb.svr.ApplicationKt - Starting ApplicationKt on userui-MBP.kornet with PID 29889 (started by lucy in /Users/lucy/work/ina soft/Eb proj/[002] Work/back_end/io.eb.svr)
2019-06-02 23:00:59.957 [ INFO] [main] io.eb.io.eb.svr.ApplicationKt - No active profile set, falling back to default profiles: default
2019-06-02 23:01:02.182 [ INFO] [main] o.a.catalina.core.StandardService - Starting service [Tomcat]
2019-06-02 23:01:02.183 [ INFO] [main] o.a.catalina.core.StandardEngine - Starting Servlet engine: [Apache Tomcat/9.0.14]
2019-06-02 23:01:02.194 [ INFO] [main] o.a.c.core.AprLifecycleListener - The APR based Apache Tomcat Native library which allows optimal performance in production environments was not found on the java.library.path: [/Users/lucy/Library/Java/Extensions:/Library/Java/Extensions:/Network/Library/Java/Extensions:/System/Library/Java/Extensions:/usr/lib/java:.]
2019-06-02 23:01:02.421 [ INFO] [main] o.a.c.c.C.[Tomcat].[localhost].[/] - Initializing Spring embedded WebApplicationContext
2019-06-02 23:01:02.668 [ INFO] [main] com.zaxxer.hikari.HikariDataSource - startertest - Starting...
2019-06-02 23:01:03.122 [ INFO] [main] com.zaxxer.hikari.HikariDataSource - startertest - Start completed.
2019-06-02 23:01:03.183 [ INFO] [main] o.h.jpa.internal.util.LogHelper - HHH000204: Processing PersistenceUnitInfo [
	name: default
	...]
2019-06-02 23:01:03.250 [ INFO] [main] org.hibernate.Version - HHH000412: Hibernate Core {5.3.7.Final}
2019-06-02 23:01:03.251 [ INFO] [main] org.hibernate.cfg.Environment - HHH000206: hibernate.properties not found
2019-06-02 23:01:03.487 [ INFO] [main] o.h.annotations.common.Version - HCANN000001: Hibernate Commons Annotations {5.0.4.Final}
2019-06-02 23:01:03.711 [ INFO] [main] org.hibernate.dialect.Dialect - HHH000400: Using dialect: org.hibernate.dialect.PostgreSQL9Dialect
2019-06-02 23:01:06.723 [ INFO] [main] o.h.e.j.e.i.LobCreatorBuilderImpl - HHH000421: Disabling contextual LOB creation as hibernate.jdbc.lob.non_contextual_creation is true
2019-06-02 23:01:06.730 [ INFO] [main] org.hibernate.type.BasicTypeRegistry - HHH000270: Type registration [java.util.UUID] overrides previous : org.hibernate.type.UUIDBinaryType@371cd2fc
2019-06-02 23:01:07.789 [ INFO] [main] io.eb.io.eb.svr.ApplicationKt - Started ApplicationKt in 8.735 seconds (JVM running for 9.265)
2019-06-02 23:03:50.340 [ INFO] [Thread-3] com.zaxxer.hikari.HikariDataSource - startertest - Shutdown initiated...
2019-06-02 23:03:50.348 [ INFO] [Thread-3] com.zaxxer.hikari.HikariDataSource - startertest - Shutdown completed.
2019-06-02 23:03:59.175 [ INFO] [main] io.eb.io.eb.svr.ApplicationKt - Starting ApplicationKt on userui-MBP.kornet with PID 29917 (started by lucy in /Users/lucy/work/ina soft/Eb proj/[002] Work/back_end/io.eb.svr)
2019-06-02 23:03:59.180 [ INFO] [main] io.eb.io.eb.svr.ApplicationKt - No active profile set, falling back to default profiles: default
2019-06-02 23:04:01.487 [ INFO] [main] o.a.catalina.core.StandardService - Starting service [Tomcat]
2019-06-02 23:04:01.488 [ INFO] [main] o.a.catalina.core.StandardEngine - Starting Servlet engine: [Apache Tomcat/9.0.14]
2019-06-02 23:04:01.498 [ INFO] [main] o.a.c.core.AprLifecycleListener - The APR based Apache Tomcat Native library which allows optimal performance in production environments was not found on the java.library.path: [/Users/lucy/Library/Java/Extensions:/Library/Java/Extensions:/Network/Library/Java/Extensions:/System/Library/Java/Extensions:/usr/lib/java:.]
2019-06-02 23:04:01.687 [ INFO] [main] o.a.c.c.C.[Tomcat].[localhost].[/] - Initializing Spring embedded WebApplicationContext
2019-06-02 23:04:01.932 [ INFO] [main] com.zaxxer.hikari.HikariDataSource - startertest - Starting...
2019-06-02 23:04:02.420 [ INFO] [main] com.zaxxer.hikari.HikariDataSource - startertest - Start completed.
2019-06-02 23:04:02.494 [ INFO] [main] o.h.jpa.internal.util.LogHelper - HHH000204: Processing PersistenceUnitInfo [
	name: default
	...]
2019-06-02 23:04:02.575 [ INFO] [main] org.hibernate.Version - HHH000412: Hibernate Core {5.3.7.Final}
2019-06-02 23:04:02.576 [ INFO] [main] org.hibernate.cfg.Environment - HHH000206: hibernate.properties not found
2019-06-02 23:04:02.805 [ INFO] [main] o.h.annotations.common.Version - HCANN000001: Hibernate Commons Annotations {5.0.4.Final}
2019-06-02 23:04:03.041 [ INFO] [main] org.hibernate.dialect.Dialect - HHH000400: Using dialect: org.hibernate.dialect.PostgreSQL9Dialect
2019-06-02 23:04:05.996 [ INFO] [main] o.h.e.j.e.i.LobCreatorBuilderImpl - HHH000421: Disabling contextual LOB creation as hibernate.jdbc.lob.non_contextual_creation is true
2019-06-02 23:04:06.002 [ INFO] [main] org.hibernate.type.BasicTypeRegistry - HHH000270: Type registration [java.util.UUID] overrides previous : org.hibernate.type.UUIDBinaryType@69b37f5c
2019-06-02 23:04:07.088 [ INFO] [main] io.eb.io.eb.svr.ApplicationKt - Started ApplicationKt in 8.875 seconds (JVM running for 9.439)
2019-06-02 23:40:14.725 [ INFO] [Thread-3] com.zaxxer.hikari.HikariDataSource - startertest - Shutdown initiated...
2019-06-02 23:40:14.739 [ INFO] [Thread-3] com.zaxxer.hikari.HikariDataSource - startertest - Shutdown completed.
2019-06-03 13:31:13.925 [ INFO] [main] io.eb.io.eb.svr.ApplicationKt - Starting ApplicationKt on userui-MacBook-Pro.local with PID 33024 (started by lucy in /Users/lucy/work/ina soft/Eb proj/[002] Work/back_end/io.eb.svr)
2019-06-03 13:31:13.935 [ INFO] [main] io.eb.io.eb.svr.ApplicationKt - No active profile set, falling back to default profiles: default
2019-06-03 13:31:16.053 [ INFO] [main] o.a.catalina.core.StandardService - Starting service [Tomcat]
2019-06-03 13:31:16.053 [ INFO] [main] o.a.catalina.core.StandardEngine - Starting Servlet engine: [Apache Tomcat/9.0.14]
2019-06-03 13:31:16.067 [ INFO] [main] o.a.c.core.AprLifecycleListener - The APR based Apache Tomcat Native library which allows optimal performance in production environments was not found on the java.library.path: [/Users/lucy/Library/Java/Extensions:/Library/Java/Extensions:/Network/Library/Java/Extensions:/System/Library/Java/Extensions:/usr/lib/java:.]
2019-06-03 13:31:16.260 [ INFO] [main] o.a.c.c.C.[Tomcat].[localhost].[/] - Initializing Spring embedded WebApplicationContext
2019-06-03 13:31:16.524 [ INFO] [main] com.zaxxer.hikari.HikariDataSource - startertest - Starting...
2019-06-03 13:31:16.964 [ INFO] [main] com.zaxxer.hikari.HikariDataSource - startertest - Start completed.
2019-06-03 13:31:17.024 [ INFO] [main] o.h.jpa.internal.util.LogHelper - HHH000204: Processing PersistenceUnitInfo [
	name: default
	...]
2019-06-03 13:31:17.321 [ INFO] [main] org.hibernate.Version - HHH000412: Hibernate Core {5.3.7.Final}
2019-06-03 13:31:17.328 [ INFO] [main] org.hibernate.cfg.Environment - HHH000206: hibernate.properties not found
2019-06-03 13:31:17.692 [ INFO] [main] o.h.annotations.common.Version - HCANN000001: Hibernate Commons Annotations {5.0.4.Final}
2019-06-03 13:31:18.292 [ INFO] [main] org.hibernate.dialect.Dialect - HHH000400: Using dialect: org.hibernate.dialect.PostgreSQL9Dialect
2019-06-03 13:31:20.203 [ INFO] [main] o.h.e.j.e.i.LobCreatorBuilderImpl - HHH000421: Disabling contextual LOB creation as hibernate.jdbc.lob.non_contextual_creation is true
2019-06-03 13:31:20.208 [ INFO] [main] org.hibernate.type.BasicTypeRegistry - HHH000270: Type registration [java.util.UUID] overrides previous : org.hibernate.type.UUIDBinaryType@43fd77d8
2019-06-03 13:31:21.179 [ INFO] [main] io.eb.io.eb.svr.ApplicationKt - Started ApplicationKt in 8.115 seconds (JVM running for 8.639)
2019-06-03 13:32:13.819 [ INFO] [Thread-3] com.zaxxer.hikari.HikariDataSource - startertest - Shutdown initiated...
2019-06-03 13:32:13.825 [ INFO] [Thread-3] com.zaxxer.hikari.HikariDataSource - startertest - Shutdown completed.
2019-06-03 13:38:06.854 [ INFO] [main] io.eb.io.eb.svr.ApplicationKt - Starting ApplicationKt on userui-MacBook-Pro.local with PID 33171 (started by lucy in /Users/lucy/work/ina soft/Eb proj/[002] Work/back_end/io.eb.svr)
2019-06-03 13:38:06.858 [ INFO] [main] io.eb.io.eb.svr.ApplicationKt - No active profile set, falling back to default profiles: default
2019-06-03 13:38:09.140 [ INFO] [main] o.a.catalina.core.StandardService - Starting service [Tomcat]
2019-06-03 13:38:09.140 [ INFO] [main] o.a.catalina.core.StandardEngine - Starting Servlet engine: [Apache Tomcat/9.0.14]
2019-06-03 13:38:09.151 [ INFO] [main] o.a.c.core.AprLifecycleListener - The APR based Apache Tomcat Native library which allows optimal performance in production environments was not found on the java.library.path: [/Users/lucy/Library/Java/Extensions:/Library/Java/Extensions:/Network/Library/Java/Extensions:/System/Library/Java/Extensions:/usr/lib/java:.]
2019-06-03 13:38:09.337 [ INFO] [main] o.a.c.c.C.[Tomcat].[localhost].[/] - Initializing Spring embedded WebApplicationContext
2019-06-03 13:38:09.454 [ INFO] [main] o.a.catalina.core.StandardService - Stopping service [Tomcat]
2019-06-03 13:38:09.484 [ERROR] [main] o.s.b.d.LoggingFailureAnalysisReporter - 

***************************
APPLICATION FAILED TO START
***************************

Description:

Failed to bind properties under 'spring.datasource.initialization-mode' to org.springframework.boot.jdbc.DataSourceInitializationMode:

    Property: spring.datasource.initialization-mode
    Value: true
    Origin: class path resource [application.yaml]:30:26
    Reason: No converter found capable of converting from type [java.lang.Boolean] to type [org.springframework.boot.jdbc.DataSourceInitializationMode]

Action:

Update your application's configuration

2019-06-03 13:39:10.189 [ INFO] [main] io.eb.io.eb.svr.ApplicationKt - Starting ApplicationKt on userui-MacBook-Pro.local with PID 33186 (started by lucy in /Users/lucy/work/ina soft/Eb proj/[002] Work/back_end/io.eb.svr)
2019-06-03 13:39:10.197 [ INFO] [main] io.eb.io.eb.svr.ApplicationKt - No active profile set, falling back to default profiles: default
2019-06-03 13:39:12.047 [ INFO] [main] o.a.catalina.core.StandardService - Starting service [Tomcat]
2019-06-03 13:39:12.047 [ INFO] [main] o.a.catalina.core.StandardEngine - Starting Servlet engine: [Apache Tomcat/9.0.14]
2019-06-03 13:39:12.059 [ INFO] [main] o.a.c.core.AprLifecycleListener - The APR based Apache Tomcat Native library which allows optimal performance in production environments was not found on the java.library.path: [/Users/lucy/Library/Java/Extensions:/Library/Java/Extensions:/Network/Library/Java/Extensions:/System/Library/Java/Extensions:/usr/lib/java:.]
2019-06-03 13:39:12.222 [ INFO] [main] o.a.c.c.C.[Tomcat].[localhost].[/] - Initializing Spring embedded WebApplicationContext
2019-06-03 13:39:12.431 [ INFO] [main] com.zaxxer.hikari.HikariDataSource - startertest - Starting...
2019-06-03 13:39:12.816 [ INFO] [main] com.zaxxer.hikari.HikariDataSource - startertest - Start completed.
2019-06-03 13:39:12.878 [ INFO] [main] o.h.jpa.internal.util.LogHelper - HHH000204: Processing PersistenceUnitInfo [
	name: default
	...]
2019-06-03 13:39:12.959 [ INFO] [main] org.hibernate.Version - HHH000412: Hibernate Core {5.3.7.Final}
2019-06-03 13:39:12.961 [ INFO] [main] org.hibernate.cfg.Environment - HHH000206: hibernate.properties not found
2019-06-03 13:39:13.165 [ INFO] [main] o.h.annotations.common.Version - HCANN000001: Hibernate Commons Annotations {5.0.4.Final}
2019-06-03 13:39:13.304 [ INFO] [main] org.hibernate.dialect.Dialect - HHH000400: Using dialect: org.hibernate.dialect.PostgreSQL9Dialect
2019-06-03 13:39:15.264 [ INFO] [main] o.h.e.j.e.i.LobCreatorBuilderImpl - HHH000421: Disabling contextual LOB creation as hibernate.jdbc.lob.non_contextual_creation is true
2019-06-03 13:39:15.268 [ INFO] [main] org.hibernate.type.BasicTypeRegistry - HHH000270: Type registration [java.util.UUID] overrides previous : org.hibernate.type.UUIDBinaryType@79d49790
2019-06-03 13:39:16.400 [ INFO] [main] io.eb.io.eb.svr.ApplicationKt - Started ApplicationKt in 6.967 seconds (JVM running for 7.566)
2019-06-03 13:39:45.096 [ INFO] [Thread-3] com.zaxxer.hikari.HikariDataSource - startertest - Shutdown initiated...
2019-06-03 13:39:45.103 [ INFO] [Thread-3] com.zaxxer.hikari.HikariDataSource - startertest - Shutdown completed.
2019-06-03 13:41:38.517 [ INFO] [main] io.eb.io.eb.svr.ApplicationKt - Starting ApplicationKt on userui-MacBook-Pro.local with PID 33209 (started by lucy in /Users/lucy/work/ina soft/Eb proj/[002] Work/back_end/io.eb.svr)
2019-06-03 13:41:38.520 [ INFO] [main] io.eb.io.eb.svr.ApplicationKt - No active profile set, falling back to default profiles: default
2019-06-03 13:41:40.005 [ INFO] [main] o.a.catalina.core.StandardService - Starting service [Tomcat]
2019-06-03 13:41:40.005 [ INFO] [main] o.a.catalina.core.StandardEngine - Starting Servlet engine: [Apache Tomcat/9.0.14]
2019-06-03 13:41:40.016 [ INFO] [main] o.a.c.core.AprLifecycleListener - The APR based Apache Tomcat Native library which allows optimal performance in production environments was not found on the java.library.path: [/Users/lucy/Library/Java/Extensions:/Library/Java/Extensions:/Network/Library/Java/Extensions:/System/Library/Java/Extensions:/usr/lib/java:.]
2019-06-03 13:41:40.197 [ INFO] [main] o.a.c.c.C.[Tomcat].[localhost].[/] - Initializing Spring embedded WebApplicationContext
2019-06-03 13:41:40.367 [ INFO] [main] com.zaxxer.hikari.HikariDataSource - startertest - Starting...
2019-06-03 13:41:40.686 [ INFO] [main] com.zaxxer.hikari.HikariDataSource - startertest - Start completed.
2019-06-03 13:41:40.747 [ INFO] [main] o.h.jpa.internal.util.LogHelper - HHH000204: Processing PersistenceUnitInfo [
	name: default
	...]
2019-06-03 13:41:40.823 [ INFO] [main] org.hibernate.Version - HHH000412: Hibernate Core {5.3.7.Final}
2019-06-03 13:41:40.824 [ INFO] [main] org.hibernate.cfg.Environment - HHH000206: hibernate.properties not found
2019-06-03 13:41:40.993 [ INFO] [main] o.h.annotations.common.Version - HCANN000001: Hibernate Commons Annotations {5.0.4.Final}
2019-06-03 13:41:41.150 [ INFO] [main] org.hibernate.dialect.Dialect - HHH000400: Using dialect: org.hibernate.dialect.PostgreSQL9Dialect
2019-06-03 13:41:44.017 [ INFO] [main] o.h.e.j.e.i.LobCreatorBuilderImpl - HHH000421: Disabling contextual LOB creation as hibernate.jdbc.lob.non_contextual_creation is true
2019-06-03 13:41:44.022 [ INFO] [main] org.hibernate.type.BasicTypeRegistry - HHH000270: Type registration [java.util.UUID] overrides previous : org.hibernate.type.UUIDBinaryType@1d3a03fe
2019-06-03 13:41:44.924 [ INFO] [main] io.eb.io.eb.svr.ApplicationKt - Started ApplicationKt in 7.09 seconds (JVM running for 7.653)
2019-06-03 13:41:48.207 [ INFO] [Thread-3] com.zaxxer.hikari.HikariDataSource - startertest - Shutdown initiated...
2019-06-03 13:41:48.215 [ INFO] [Thread-3] com.zaxxer.hikari.HikariDataSource - startertest - Shutdown completed.
2019-06-03 13:42:00.452 [ INFO] [main] io.eb.io.eb.svr.ApplicationKt - Starting ApplicationKt on userui-MacBook-Pro.local with PID 33215 (started by lucy in /Users/lucy/work/ina soft/Eb proj/[002] Work/back_end/io.eb.svr)
2019-06-03 13:42:00.460 [ INFO] [main] io.eb.io.eb.svr.ApplicationKt - No active profile set, falling back to default profiles: default
2019-06-03 13:42:02.400 [ INFO] [main] o.a.catalina.core.StandardService - Starting service [Tomcat]
2019-06-03 13:42:02.400 [ INFO] [main] o.a.catalina.core.StandardEngine - Starting Servlet engine: [Apache Tomcat/9.0.14]
2019-06-03 13:42:02.409 [ INFO] [main] o.a.c.core.AprLifecycleListener - The APR based Apache Tomcat Native library which allows optimal performance in production environments was not found on the java.library.path: [/Users/lucy/Library/Java/Extensions:/Library/Java/Extensions:/Network/Library/Java/Extensions:/System/Library/Java/Extensions:/usr/lib/java:.]
2019-06-03 13:42:02.581 [ INFO] [main] o.a.c.c.C.[Tomcat].[localhost].[/] - Initializing Spring embedded WebApplicationContext
2019-06-03 13:42:02.772 [ INFO] [main] com.zaxxer.hikari.HikariDataSource - startertest - Starting...
2019-06-03 13:42:03.127 [ INFO] [main] com.zaxxer.hikari.HikariDataSource - startertest - Start completed.
2019-06-03 13:42:03.193 [ INFO] [main] o.h.jpa.internal.util.LogHelper - HHH000204: Processing PersistenceUnitInfo [
	name: default
	...]
2019-06-03 13:42:03.256 [ INFO] [main] org.hibernate.Version - HHH000412: Hibernate Core {5.3.7.Final}
2019-06-03 13:42:03.259 [ INFO] [main] org.hibernate.cfg.Environment - HHH000206: hibernate.properties not found
2019-06-03 13:42:03.418 [ INFO] [main] o.h.annotations.common.Version - HCANN000001: Hibernate Commons Annotations {5.0.4.Final}
2019-06-03 13:42:03.575 [ INFO] [main] org.hibernate.dialect.Dialect - HHH000400: Using dialect: org.hibernate.dialect.PostgreSQL9Dialect
2019-06-03 13:42:05.495 [ INFO] [main] o.h.e.j.e.i.LobCreatorBuilderImpl - HHH000421: Disabling contextual LOB creation as hibernate.jdbc.lob.non_contextual_creation is true
2019-06-03 13:42:05.499 [ INFO] [main] org.hibernate.type.BasicTypeRegistry - HHH000270: Type registration [java.util.UUID] overrides previous : org.hibernate.type.UUIDBinaryType@3e4afd10
2019-06-03 13:42:06.865 [ INFO] [main] io.eb.io.eb.svr.ApplicationKt - Started ApplicationKt in 7.2 seconds (JVM running for 7.683)
2019-06-03 13:42:30.544 [ INFO] [Thread-3] com.zaxxer.hikari.HikariDataSource - startertest - Shutdown initiated...
2019-06-03 13:42:30.558 [ INFO] [Thread-3] com.zaxxer.hikari.HikariDataSource - startertest - Shutdown completed.
2019-06-03 14:28:27.107 [ INFO] [main] io.eb.io.eb.svr.ApplicationKt - Starting ApplicationKt on userui-MacBook-Pro.local with PID 34109 (started by lucy in /Users/lucy/work/ina soft/Eb proj/[002] Work/back_end/io.eb.svr)
2019-06-03 14:28:27.111 [ INFO] [main] io.eb.io.eb.svr.ApplicationKt - No active profile set, falling back to default profiles: default
2019-06-03 14:28:29.748 [ INFO] [main] o.a.catalina.core.StandardService - Starting service [Tomcat]
2019-06-03 14:28:29.749 [ INFO] [main] o.a.catalina.core.StandardEngine - Starting Servlet engine: [Apache Tomcat/9.0.14]
2019-06-03 14:28:29.766 [ INFO] [main] o.a.c.core.AprLifecycleListener - The APR based Apache Tomcat Native library which allows optimal performance in production environments was not found on the java.library.path: [/Users/lucy/Library/Java/Extensions:/Library/Java/Extensions:/Network/Library/Java/Extensions:/System/Library/Java/Extensions:/usr/lib/java:.]
2019-06-03 14:28:29.915 [ INFO] [main] o.a.c.c.C.[Tomcat].[localhost].[/] - Initializing Spring embedded WebApplicationContext
2019-06-03 14:28:31.117 [ INFO] [main] com.zaxxer.hikari.HikariDataSource - startertest - Starting...
2019-06-03 14:28:31.640 [ INFO] [main] com.zaxxer.hikari.HikariDataSource - startertest - Start completed.
2019-06-03 14:28:31.724 [ INFO] [main] o.h.jpa.internal.util.LogHelper - HHH000204: Processing PersistenceUnitInfo [
	name: default
	...]
2019-06-03 14:28:31.850 [ INFO] [main] org.hibernate.Version - HHH000412: Hibernate Core {5.3.7.Final}
2019-06-03 14:28:31.852 [ INFO] [main] org.hibernate.cfg.Environment - HHH000206: hibernate.properties not found
2019-06-03 14:28:32.091 [ INFO] [main] o.h.annotations.common.Version - HCANN000001: Hibernate Commons Annotations {5.0.4.Final}
2019-06-03 14:28:32.312 [ INFO] [main] org.hibernate.dialect.Dialect - HHH000400: Using dialect: org.hibernate.dialect.PostgreSQL9Dialect
2019-06-03 14:28:34.164 [ INFO] [main] o.h.e.j.e.i.LobCreatorBuilderImpl - HHH000421: Disabling contextual LOB creation as hibernate.jdbc.lob.non_contextual_creation is true
2019-06-03 14:28:34.171 [ INFO] [main] org.hibernate.type.BasicTypeRegistry - HHH000270: Type registration [java.util.UUID] overrides previous : org.hibernate.type.UUIDBinaryType@7bfcc108
2019-06-03 14:28:35.864 [ INFO] [main] io.eb.io.eb.svr.ApplicationKt - Started ApplicationKt in 9.672 seconds (JVM running for 10.372)
2019-06-03 14:30:12.678 [ INFO] [Thread-5] com.zaxxer.hikari.HikariDataSource - startertest - Shutdown initiated...
2019-06-03 14:30:12.687 [ INFO] [Thread-5] com.zaxxer.hikari.HikariDataSource - startertest - Shutdown completed.
2019-06-03 14:32:35.852 [ INFO] [main] io.eb.io.eb.svr.ApplicationKt - Starting ApplicationKt on userui-MacBook-Pro.local with PID 34136 (started by lucy in /Users/lucy/work/ina soft/Eb proj/[002] Work/back_end/io.eb.svr)
2019-06-03 14:32:35.857 [ INFO] [main] io.eb.io.eb.svr.ApplicationKt - No active profile set, falling back to default profiles: default
2019-06-03 14:32:38.581 [ INFO] [main] o.a.catalina.core.StandardService - Starting service [Tomcat]
2019-06-03 14:32:38.581 [ INFO] [main] o.a.catalina.core.StandardEngine - Starting Servlet engine: [Apache Tomcat/9.0.14]
2019-06-03 14:32:38.596 [ INFO] [main] o.a.c.core.AprLifecycleListener - The APR based Apache Tomcat Native library which allows optimal performance in production environments was not found on the java.library.path: [/Users/lucy/Library/Java/Extensions:/Library/Java/Extensions:/Network/Library/Java/Extensions:/System/Library/Java/Extensions:/usr/lib/java:.]
2019-06-03 14:32:38.759 [ INFO] [main] o.a.c.c.C.[Tomcat].[localhost].[/] - Initializing Spring embedded WebApplicationContext
2019-06-03 14:32:39.797 [ INFO] [main] com.zaxxer.hikari.HikariDataSource - startertest - Starting...
2019-06-03 14:32:40.263 [ INFO] [main] com.zaxxer.hikari.HikariDataSource - startertest - Start completed.
2019-06-03 14:32:40.319 [ INFO] [main] o.h.jpa.internal.util.LogHelper - HHH000204: Processing PersistenceUnitInfo [
	name: default
	...]
2019-06-03 14:32:40.439 [ INFO] [main] org.hibernate.Version - HHH000412: Hibernate Core {5.3.7.Final}
2019-06-03 14:32:40.442 [ INFO] [main] org.hibernate.cfg.Environment - HHH000206: hibernate.properties not found
2019-06-03 14:32:40.689 [ INFO] [main] o.h.annotations.common.Version - HCANN000001: Hibernate Commons Annotations {5.0.4.Final}
2019-06-03 14:32:40.915 [ INFO] [main] org.hibernate.dialect.Dialect - HHH000400: Using dialect: org.hibernate.dialect.PostgreSQL9Dialect
2019-06-03 14:32:43.010 [ INFO] [main] o.h.e.j.e.i.LobCreatorBuilderImpl - HHH000421: Disabling contextual LOB creation as hibernate.jdbc.lob.non_contextual_creation is true
2019-06-03 14:32:43.020 [ INFO] [main] org.hibernate.type.BasicTypeRegistry - HHH000270: Type registration [java.util.UUID] overrides previous : org.hibernate.type.UUIDBinaryType@4bceac99
2019-06-03 14:32:44.751 [ INFO] [main] io.eb.io.eb.svr.ApplicationKt - Started ApplicationKt in 9.725 seconds (JVM running for 10.352)
2019-06-03 14:32:52.903 [ INFO] [Thread-5] com.zaxxer.hikari.HikariDataSource - startertest - Shutdown initiated...
2019-06-03 14:32:52.917 [ INFO] [Thread-5] com.zaxxer.hikari.HikariDataSource - startertest - Shutdown completed.
2019-06-03 14:47:46.591 [ INFO] [main] io.eb.io.eb.svr.ApplicationKt - Starting ApplicationKt on userui-MacBook-Pro.local with PID 34486 (started by lucy in /Users/lucy/work/ina soft/Eb proj/[002] Work/back_end/io.eb.svr)
2019-06-03 14:47:46.595 [ INFO] [main] io.eb.io.eb.svr.ApplicationKt - No active profile set, falling back to default profiles: default
2019-06-03 14:47:49.389 [ INFO] [main] o.a.catalina.core.StandardService - Starting service [Tomcat]
2019-06-03 14:47:49.389 [ INFO] [main] o.a.catalina.core.StandardEngine - Starting Servlet engine: [Apache Tomcat/9.0.14]
2019-06-03 14:47:49.410 [ INFO] [main] o.a.c.core.AprLifecycleListener - The APR based Apache Tomcat Native library which allows optimal performance in production environments was not found on the java.library.path: [/Users/lucy/Library/Java/Extensions:/Library/Java/Extensions:/Network/Library/Java/Extensions:/System/Library/Java/Extensions:/usr/lib/java:.]
2019-06-03 14:47:49.634 [ INFO] [main] o.a.c.c.C.[Tomcat].[localhost].[/] - Initializing Spring embedded WebApplicationContext
2019-06-03 14:47:50.682 [ INFO] [main] com.zaxxer.hikari.HikariDataSource - startertest - Starting...
2019-06-03 14:47:51.218 [ INFO] [main] com.zaxxer.hikari.HikariDataSource - startertest - Start completed.
2019-06-03 14:47:51.288 [ INFO] [main] o.h.jpa.internal.util.LogHelper - HHH000204: Processing PersistenceUnitInfo [
	name: default
	...]
2019-06-03 14:47:51.411 [ INFO] [main] org.hibernate.Version - HHH000412: Hibernate Core {5.3.7.Final}
2019-06-03 14:47:51.414 [ INFO] [main] org.hibernate.cfg.Environment - HHH000206: hibernate.properties not found
2019-06-03 14:47:51.678 [ INFO] [main] o.h.annotations.common.Version - HCANN000001: Hibernate Commons Annotations {5.0.4.Final}
2019-06-03 14:47:51.885 [ INFO] [main] org.hibernate.dialect.Dialect - HHH000400: Using dialect: org.hibernate.dialect.PostgreSQL9Dialect
2019-06-03 14:47:53.711 [ INFO] [main] o.h.e.j.e.i.LobCreatorBuilderImpl - HHH000421: Disabling contextual LOB creation as hibernate.jdbc.lob.non_contextual_creation is true
2019-06-03 14:47:53.716 [ INFO] [main] org.hibernate.type.BasicTypeRegistry - HHH000270: Type registration [java.util.UUID] overrides previous : org.hibernate.type.UUIDBinaryType@727f36dd
2019-06-03 15:11:56.645 [ INFO] [main] io.eb.io.eb.svr.ApplicationKt - Starting ApplicationKt on userui-MacBook-Pro.local with PID 34946 (started by lucy in /Users/lucy/work/ina soft/Eb proj/[002] Work/back_end/io.eb.svr)
2019-06-03 15:11:56.649 [ INFO] [main] io.eb.io.eb.svr.ApplicationKt - The following profiles are active: prod
2019-06-03 15:11:59.338 [ INFO] [main] o.a.catalina.core.StandardService - Starting service [Tomcat]
2019-06-03 15:11:59.338 [ INFO] [main] o.a.catalina.core.StandardEngine - Starting Servlet engine: [Apache Tomcat/9.0.14]
2019-06-03 15:11:59.351 [ INFO] [main] o.a.c.core.AprLifecycleListener - The APR based Apache Tomcat Native library which allows optimal performance in production environments was not found on the java.library.path: [/Users/lucy/Library/Java/Extensions:/Library/Java/Extensions:/Network/Library/Java/Extensions:/System/Library/Java/Extensions:/usr/lib/java:.]
2019-06-03 15:11:59.495 [ INFO] [main] o.a.c.c.C.[Tomcat].[localhost].[/] - Initializing Spring embedded WebApplicationContext
2019-06-03 15:12:00.515 [ INFO] [main] com.zaxxer.hikari.HikariDataSource - startertest - Starting...
2019-06-03 15:12:01.131 [ INFO] [main] com.zaxxer.hikari.HikariDataSource - startertest - Start completed.
2019-06-03 15:12:01.209 [ INFO] [main] o.h.jpa.internal.util.LogHelper - HHH000204: Processing PersistenceUnitInfo [
	name: default
	...]
2019-06-03 15:12:01.327 [ INFO] [main] org.hibernate.Version - HHH000412: Hibernate Core {5.3.7.Final}
2019-06-03 15:12:01.329 [ INFO] [main] org.hibernate.cfg.Environment - HHH000206: hibernate.properties not found
2019-06-03 15:12:01.623 [ INFO] [main] o.h.annotations.common.Version - HCANN000001: Hibernate Commons Annotations {5.0.4.Final}
2019-06-03 15:12:01.906 [ INFO] [main] org.hibernate.dialect.Dialect - HHH000400: Using dialect: org.hibernate.dialect.PostgreSQL9Dialect
2019-06-03 15:12:03.908 [ INFO] [main] o.h.e.j.e.i.LobCreatorBuilderImpl - HHH000421: Disabling contextual LOB creation as hibernate.jdbc.lob.non_contextual_creation is true
2019-06-03 15:12:03.915 [ INFO] [main] org.hibernate.type.BasicTypeRegistry - HHH000270: Type registration [java.util.UUID] overrides previous : org.hibernate.type.UUIDBinaryType@46b2a11a
2019-06-03 15:12:05.831 [ INFO] [main] io.eb.io.eb.svr.ApplicationKt - Started ApplicationKt in 9.961 seconds (JVM running for 10.45)
2019-06-03 15:12:14.013 [ INFO] [Thread-5] com.zaxxer.hikari.HikariDataSource - startertest - Shutdown initiated...
2019-06-03 15:12:14.021 [ INFO] [Thread-5] com.zaxxer.hikari.HikariDataSource - startertest - Shutdown completed.
2019-06-03 15:14:32.802 [ INFO] [main] io.eb.io.eb.svr.ApplicationKt - Starting ApplicationKt on userui-MacBook-Pro.local with PID 34984 (started by lucy in /Users/lucy/work/ina soft/Eb proj/[002] Work/back_end/io.eb.svr)
2019-06-03 15:14:32.804 [ INFO] [main] io.eb.io.eb.svr.ApplicationKt - The following profiles are active: prod
2019-06-03 15:14:35.478 [ INFO] [main] o.a.catalina.core.StandardService - Starting service [Tomcat]
2019-06-03 15:14:35.479 [ INFO] [main] o.a.catalina.core.StandardEngine - Starting Servlet engine: [Apache Tomcat/9.0.14]
2019-06-03 15:14:35.506 [ INFO] [main] o.a.c.core.AprLifecycleListener - The APR based Apache Tomcat Native library which allows optimal performance in production environments was not found on the java.library.path: [/Users/lucy/Library/Java/Extensions:/Library/Java/Extensions:/Network/Library/Java/Extensions:/System/Library/Java/Extensions:/usr/lib/java:.]
2019-06-03 15:14:35.943 [ INFO] [main] o.a.c.c.C.[Tomcat].[localhost].[/] - Initializing Spring embedded WebApplicationContext
2019-06-03 15:14:37.627 [ INFO] [main] com.zaxxer.hikari.HikariDataSource - startertest - Starting...
2019-06-03 15:14:38.039 [ INFO] [main] com.zaxxer.hikari.HikariDataSource - startertest - Start completed.
2019-06-03 15:14:38.108 [ INFO] [main] o.h.jpa.internal.util.LogHelper - HHH000204: Processing PersistenceUnitInfo [
	name: default
	...]
2019-06-03 15:14:38.278 [ INFO] [main] org.hibernate.Version - HHH000412: Hibernate Core {5.3.7.Final}
2019-06-03 15:14:38.281 [ INFO] [main] org.hibernate.cfg.Environment - HHH000206: hibernate.properties not found
2019-06-03 15:14:38.620 [ INFO] [main] o.h.annotations.common.Version - HCANN000001: Hibernate Commons Annotations {5.0.4.Final}
2019-06-03 15:14:38.879 [ INFO] [main] org.hibernate.dialect.Dialect - HHH000400: Using dialect: org.hibernate.dialect.PostgreSQL9Dialect
2019-06-03 15:14:40.730 [ INFO] [main] o.h.e.j.e.i.LobCreatorBuilderImpl - HHH000421: Disabling contextual LOB creation as hibernate.jdbc.lob.non_contextual_creation is true
2019-06-03 15:14:40.736 [ INFO] [main] org.hibernate.type.BasicTypeRegistry - HHH000270: Type registration [java.util.UUID] overrides previous : org.hibernate.type.UUIDBinaryType@491cc0eb
2019-06-03 15:14:42.997 [ INFO] [main] io.eb.io.eb.svr.ApplicationKt - Started ApplicationKt in 10.897 seconds (JVM running for 11.422)
2019-06-03 15:15:26.662 [ INFO] [Thread-5] com.zaxxer.hikari.HikariDataSource - startertest - Shutdown initiated...
2019-06-03 15:15:26.688 [ INFO] [Thread-5] com.zaxxer.hikari.HikariDataSource - startertest - Shutdown completed.
2019-06-03 15:20:14.510 [ INFO] [main] io.eb.io.eb.svr.ApplicationKt - Starting ApplicationKt on userui-MacBook-Pro.local with PID 35208 (started by lucy in /Users/lucy/work/ina soft/Eb proj/[002] Work/back_end/io.eb.svr)
2019-06-03 15:20:14.513 [ INFO] [main] io.eb.io.eb.svr.ApplicationKt - The following profiles are active: prod
2019-06-03 15:20:17.139 [ INFO] [main] o.a.catalina.core.StandardService - Starting service [Tomcat]
2019-06-03 15:20:17.140 [ INFO] [main] o.a.catalina.core.StandardEngine - Starting Servlet engine: [Apache Tomcat/9.0.14]
2019-06-03 15:20:17.159 [ INFO] [main] o.a.c.core.AprLifecycleListener - The APR based Apache Tomcat Native library which allows optimal performance in production environments was not found on the java.library.path: [/Users/lucy/Library/Java/Extensions:/Library/Java/Extensions:/Network/Library/Java/Extensions:/System/Library/Java/Extensions:/usr/lib/java:.]
2019-06-03 15:20:17.338 [ INFO] [main] o.a.c.c.C.[Tomcat].[localhost].[/] - Initializing Spring embedded WebApplicationContext
2019-06-03 15:20:18.467 [ INFO] [main] com.zaxxer.hikari.HikariDataSource - startertest - Starting...
2019-06-03 15:20:18.949 [ INFO] [main] com.zaxxer.hikari.HikariDataSource - startertest - Start completed.
2019-06-03 15:20:19.017 [ INFO] [main] o.h.jpa.internal.util.LogHelper - HHH000204: Processing PersistenceUnitInfo [
	name: default
	...]
2019-06-03 15:20:19.148 [ INFO] [main] org.hibernate.Version - HHH000412: Hibernate Core {5.3.7.Final}
2019-06-03 15:20:19.149 [ INFO] [main] org.hibernate.cfg.Environment - HHH000206: hibernate.properties not found
2019-06-03 15:20:19.395 [ INFO] [main] o.h.annotations.common.Version - HCANN000001: Hibernate Commons Annotations {5.0.4.Final}
2019-06-03 15:20:19.593 [ INFO] [main] org.hibernate.dialect.Dialect - HHH000400: Using dialect: org.hibernate.dialect.PostgreSQL9Dialect
2019-06-03 15:20:21.730 [ INFO] [main] o.h.e.j.e.i.LobCreatorBuilderImpl - HHH000421: Disabling contextual LOB creation as hibernate.jdbc.lob.non_contextual_creation is true
2019-06-03 15:20:21.737 [ INFO] [main] org.hibernate.type.BasicTypeRegistry - HHH000270: Type registration [java.util.UUID] overrides previous : org.hibernate.type.UUIDBinaryType@328e50eb
2019-06-03 15:20:23.241 [ INFO] [main] io.eb.io.eb.svr.ApplicationKt - Started ApplicationKt in 9.641 seconds (JVM running for 10.337)
2019-06-03 15:20:47.791 [ INFO] [http-nio-4080-exec-2] o.a.c.c.C.[Tomcat].[localhost].[/] - Initializing Spring DispatcherServlet 'dispatcherServlet'
2019-06-03 15:32:34.837 [ INFO] [Thread-5] com.zaxxer.hikari.HikariDataSource - startertest - Shutdown initiated...
2019-06-03 15:32:34.849 [ INFO] [Thread-5] com.zaxxer.hikari.HikariDataSource - startertest - Shutdown completed.
2019-06-04 01:45:04.071 [ INFO] [main] io.eb.io.eb.svr.ApplicationKt - Starting ApplicationKt on userui-MBP.kornet with PID 38973 (started by lucy in /Users/lucy/work/ina soft/Eb proj/[002] Work/back_end/io.eb.svr)
2019-06-04 01:45:04.074 [ INFO] [main] io.eb.io.eb.svr.ApplicationKt - The following profiles are active: prod
2019-06-04 01:45:06.774 [ INFO] [main] o.a.catalina.core.StandardService - Starting service [Tomcat]
2019-06-04 01:45:06.775 [ INFO] [main] o.a.catalina.core.StandardEngine - Starting Servlet engine: [Apache Tomcat/9.0.14]
2019-06-04 01:45:06.790 [ INFO] [main] o.a.c.core.AprLifecycleListener - The APR based Apache Tomcat Native library which allows optimal performance in production environments was not found on the java.library.path: [/Users/lucy/Library/Java/Extensions:/Library/Java/Extensions:/Network/Library/Java/Extensions:/System/Library/Java/Extensions:/usr/lib/java:.]
2019-06-04 01:45:06.989 [ INFO] [main] o.a.c.c.C.[Tomcat].[localhost].[/] - Initializing Spring embedded WebApplicationContext
2019-06-04 01:45:08.052 [ INFO] [main] com.zaxxer.hikari.HikariDataSource - startertest - Starting...
2019-06-04 01:45:08.513 [ INFO] [main] com.zaxxer.hikari.HikariDataSource - startertest - Start completed.
2019-06-04 01:45:08.590 [ INFO] [main] o.h.jpa.internal.util.LogHelper - HHH000204: Processing PersistenceUnitInfo [
	name: default
	...]
2019-06-04 01:45:08.730 [ INFO] [main] org.hibernate.Version - HHH000412: Hibernate Core {5.3.7.Final}
2019-06-04 01:45:08.732 [ INFO] [main] org.hibernate.cfg.Environment - HHH000206: hibernate.properties not found
2019-06-04 01:45:09.016 [ INFO] [main] o.h.annotations.common.Version - HCANN000001: Hibernate Commons Annotations {5.0.4.Final}
2019-06-04 01:45:09.252 [ INFO] [main] org.hibernate.dialect.Dialect - HHH000400: Using dialect: org.hibernate.dialect.PostgreSQL9Dialect
